0 info it worked if it ends with ok
1 verbose cli [ 'node', '/usr/local/bin/npm', 'install', 'grunt-uglify' ]
2 info using npm@1.4.28
3 info using node@v0.10.33
4 warn package.json angularfirestarter@1.0.0 No README data
5 verbose readDependencies using package.json deps
6 verbose cache add [ 'grunt-uglify', null ]
7 verbose cache add name=undefined spec="grunt-uglify" args=["grunt-uglify",null]
8 verbose parsed url { protocol: null,
8 verbose parsed url   slashes: null,
8 verbose parsed url   auth: null,
8 verbose parsed url   host: null,
8 verbose parsed url   port: null,
8 verbose parsed url   hostname: null,
8 verbose parsed url   hash: null,
8 verbose parsed url   search: null,
8 verbose parsed url   query: null,
8 verbose parsed url   pathname: 'grunt-uglify',
8 verbose parsed url   path: 'grunt-uglify',
8 verbose parsed url   href: 'grunt-uglify' }
9 silly lockFile 2e33d944-grunt-uglify grunt-uglify
10 verbose lock grunt-uglify /Users/sethhealy/.npm/2e33d944-grunt-uglify.lock
11 silly lockFile 2e33d944-grunt-uglify grunt-uglify
12 silly lockFile 2e33d944-grunt-uglify grunt-uglify
13 verbose addNamed [ 'grunt-uglify', '' ]
14 verbose addNamed [ null, '*' ]
15 silly lockFile 1cbe4847-grunt-uglify grunt-uglify@
16 verbose lock grunt-uglify@ /Users/sethhealy/.npm/1cbe4847-grunt-uglify.lock
17 silly addNameRange { name: 'grunt-uglify', range: '*', hasData: false }
18 verbose request where is /grunt-uglify
19 verbose request registry https://registry.npmjs.org/
20 verbose request id 10c366f68711c6e2
21 verbose url raw /grunt-uglify
22 verbose url resolving [ 'https://registry.npmjs.org/', './grunt-uglify' ]
23 verbose url resolved https://registry.npmjs.org/grunt-uglify
24 verbose request where is https://registry.npmjs.org/grunt-uglify
25 info trying registry request attempt 1 at 21:50:24
26 http GET https://registry.npmjs.org/grunt-uglify
27 http 404 https://registry.npmjs.org/grunt-uglify
28 verbose headers { server: 'CouchDB/1.5.0 (Erlang OTP/R16B03)',
28 verbose headers   'content-type': 'application/json',
28 verbose headers   'cache-control': 'max-age=0',
28 verbose headers   'content-length': '51',
28 verbose headers   'accept-ranges': 'bytes',
28 verbose headers   date: 'Wed, 27 May 2015 01:50:23 GMT',
28 verbose headers   via: '1.1 varnish',
28 verbose headers   age: '0',
28 verbose headers   connection: 'keep-alive',
28 verbose headers   'x-served-by': 'cache-iad2140-IAD',
28 verbose headers   'x-cache': 'MISS',
28 verbose headers   'x-cache-hits': '0',
28 verbose headers   'x-timer': 'S1432691423.598523,VS0,VE17' }
29 silly registry.get cb [ 404,
29 silly registry.get   { server: 'CouchDB/1.5.0 (Erlang OTP/R16B03)',
29 silly registry.get     'content-type': 'application/json',
29 silly registry.get     'cache-control': 'max-age=0',
29 silly registry.get     'content-length': '51',
29 silly registry.get     'accept-ranges': 'bytes',
29 silly registry.get     date: 'Wed, 27 May 2015 01:50:23 GMT',
29 silly registry.get     via: '1.1 varnish',
29 silly registry.get     age: '0',
29 silly registry.get     connection: 'keep-alive',
29 silly registry.get     'x-served-by': 'cache-iad2140-IAD',
29 silly registry.get     'x-cache': 'MISS',
29 silly registry.get     'x-cache-hits': '0',
29 silly registry.get     'x-timer': 'S1432691423.598523,VS0,VE17' } ]
30 silly lockFile 1cbe4847-grunt-uglify grunt-uglify@
31 silly lockFile 1cbe4847-grunt-uglify grunt-uglify@
32 error 404 404 Not Found: grunt-uglify
32 error 404
32 error 404 'grunt-uglify' is not in the npm registry.
32 error 404 You should bug the author to publish it
32 error 404 It was specified as a dependency of 'angularfirestarter'
32 error 404
32 error 404 Note that you can also install from a
32 error 404 tarball, folder, or http url, or git url.
33 error System Darwin 14.0.0
34 error command "node" "/usr/local/bin/npm" "install" "grunt-uglify"
35 error cwd /Users/sethhealy/Desktop/Ambrosial
36 error node -v v0.10.33
37 error npm -v 1.4.28
38 error code E404
39 verbose exit [ 1, true ]
